<?xml version="1.0" encoding="UTF-8"?>
<!-- Generated by org.testng.reporters.JUnitReportReporter -->
<testsuite hostname="DESKTOP-EFS8UAB" failures="0" tests="1" name="com.salesforce.testcases.TC_001_Login" time="27.234" errors="0" timestamp="2024-10-06T12:59:30 IST" skipped="0">
  <testcase classname="com.salesforce.testcases.TC_001_Login" name="runLogin" time="27.234"/>
  <system-out/>
</testsuite> <!-- com.salesforce.testcases.TC_001_Login -->
