<?xml version="1.0" encoding="UTF-8"?>
<!-- Generated by org.testng.reporters.JUnitReportReporter -->
<testsuite hostname="DESKTOP-EFS8UAB" failures="0" tests="1" name="com.salesforce.testcases.TC_001_SalesforceLogin" time="17.100" errors="0" timestamp="2024-08-11T13:06:26 IST" skipped="0">
  <testcase classname="com.salesforce.testcases.TC_001_SalesforceLogin" name="runLogin" time="17.100"/>
  <system-out/>
</testsuite> <!-- com.salesforce.testcases.TC_001_SalesforceLogin -->
